This is pdfTeX, Version 3.14159265-2.6-1.40.18 (TeX Live 2017/Debian) (preloaded format=pdflatex 2018.6.27)  22 AUG 2018 13:12
entering extended mode
 restricted \write18 enabled.
 %&-line parsing enabled.
**example.tex
(./example.tex
LaTeX2e <2017-04-15>
Babel <3.18> and hyphenation patterns for 84 language(s) loaded.
(/usr/share/texlive/texmf-dist/tex/latex/beamer/beamer.cls
Document Class: beamer 2018/02/20 v3.50 A class for typesetting presentations
(/usr/share/texlive/texmf-dist/tex/latex/beamer/beamerbasemodes.sty
(/usr/share/texlive/texmf-dist/tex/latex/etoolbox/etoolbox.sty
Package: etoolbox 2018/02/11 v2.5e e-TeX tools for LaTeX (JAW)
\etb@tempcnta=\count79
)
\beamer@tempbox=\box26
\beamer@tempcount=\count80
\c@beamerpauses=\count81

(/usr/share/texlive/texmf-dist/tex/latex/beamer/beamerbasedecode.sty
\beamer@slideinframe=\count82
\beamer@minimum=\count83
)
\beamer@commentbox=\box27
\beamer@modecount=\count84
)
(/usr/share/texlive/texmf-dist/tex/generic/oberdiek/ifpdf.sty
Package: ifpdf 2017/03/15 v3.2 Provides the ifpdf switch
)
\headdp=\dimen102
\footheight=\dimen103
\sidebarheight=\dimen104
\beamer@tempdim=\dimen105
\beamer@finalheight=\dimen106
\beamer@animht=\dimen107
\beamer@animdp=\dimen108
\beamer@animwd=\dimen109
\beamer@leftmargin=\dimen110
\beamer@rightmargin=\dimen111
\beamer@leftsidebar=\dimen112
\beamer@rightsidebar=\dimen113
\beamer@boxsize=\dimen114
\beamer@vboxoffset=\dimen115
\beamer@descdefault=\dimen116
\beamer@descriptionwidth=\dimen117
\beamer@lastskip=\skip41
\beamer@areabox=\box28
\beamer@animcurrent=\box29
\beamer@animshowbox=\box30
\beamer@sectionbox=\box31
\beamer@logobox=\box32
\beamer@linebox=\box33
\beamer@sectioncount=\count85
\beamer@subsubsectionmax=\count86
\beamer@subsectionmax=\count87
\beamer@sectionmax=\count88
\beamer@totalheads=\count89
\beamer@headcounter=\count90
\beamer@partstartpage=\count91
\beamer@sectionstartpage=\count92
\beamer@subsectionstartpage=\count93
\beamer@animationtempa=\count94
\beamer@animationtempb=\count95
\beamer@xpos=\count96
\beamer@ypos=\count97
\beamer@ypos@offset=\count98
\beamer@showpartnumber=\count99
\beamer@currentsubsection=\count100
\beamer@coveringdepth=\count101
\beamer@sectionadjust=\count102
\beamer@tocsectionnumber=\count103

(/usr/share/texlive/texmf-dist/tex/latex/beamer/beamerbaseoptions.sty
(/usr/share/texlive/texmf-dist/tex/latex/graphics/keyval.sty
Package: keyval 2014/10/28 v1.15 key=value parser (DPC)
\KV@toks@=\toks14
))
\beamer@paperwidth=\skip42
\beamer@paperheight=\skip43

(/usr/share/texlive/texmf-dist/tex/latex/geometry/geometry.sty
Package: geometry 2010/09/12 v5.6 Page Geometry

(/usr/share/texlive/texmf-dist/tex/generic/oberdiek/ifvtex.sty
Package: ifvtex 2016/05/16 v1.6 Detect VTeX and its facilities (HO)
Package ifvtex Info: VTeX not detected.
)
(/usr/share/texlive/texmf-dist/tex/generic/ifxetex/ifxetex.sty
Package: ifxetex 2010/09/12 v0.6 Provides ifxetex conditional
)
\Gm@cnth=\count104
\Gm@cntv=\count105
\c@Gm@tempcnt=\count106
\Gm@bindingoffset=\dimen118
\Gm@wd@mp=\dimen119
\Gm@odd@mp=\dimen120
\Gm@even@mp=\dimen121
\Gm@layoutwidth=\dimen122
\Gm@layoutheight=\dimen123
\Gm@layouthoffset=\dimen124
\Gm@layoutvoffset=\dimen125
\Gm@dimlist=\toks15
)
(/usr/share/texlive/texmf-dist/tex/latex/base/size11.clo
File: size11.clo 2014/09/29 v1.4h Standard LaTeX file (size option)
)
(/usr/share/texlive/texmf-dist/tex/latex/pgf/basiclayer/pgfcore.sty
(/usr/share/texlive/texmf-dist/tex/latex/graphics/graphicx.sty
Package: graphicx 2017/06/01 v1.1a Enhanced LaTeX Graphics (DPC,SPQR)

(/usr/share/texlive/texmf-dist/tex/latex/graphics/graphics.sty
Package: graphics 2017/06/25 v1.2c Standard LaTeX Graphics (DPC,SPQR)

(/usr/share/texlive/texmf-dist/tex/latex/graphics/trig.sty
Package: trig 2016/01/03 v1.10 sin cos tan (DPC)
)
(/usr/share/texlive/texmf-dist/tex/latex/graphics-cfg/graphics.cfg
File: graphics.cfg 2016/06/04 v1.11 sample graphics configuration
)
Package graphics Info: Driver file: pdftex.def on input line 99.

(/usr/share/texlive/texmf-dist/tex/latex/graphics-def/pdftex.def
File: pdftex.def 2018/01/08 v1.0l Graphics/color driver for pdftex
))
\Gin@req@height=\dimen126
\Gin@req@width=\dimen127
)
(/usr/share/texlive/texmf-dist/tex/latex/pgf/systemlayer/pgfsys.sty
(/usr/share/texlive/texmf-dist/tex/latex/pgf/utilities/pgfrcs.sty
(/usr/share/texlive/texmf-dist/tex/generic/pgf/utilities/pgfutil-common.tex
\pgfutil@everybye=\toks16
\pgfutil@tempdima=\dimen128
\pgfutil@tempdimb=\dimen129

(/usr/share/texlive/texmf-dist/tex/generic/pgf/utilities/pgfutil-common-lists.t
ex)) (/usr/share/texlive/texmf-dist/tex/generic/pgf/utilities/pgfutil-latex.def
\pgfutil@abb=\box34
(/usr/share/texlive/texmf-dist/tex/latex/ms/everyshi.sty
Package: everyshi 2001/05/15 v3.00 EveryShipout Package (MS)
))
(/usr/share/texlive/texmf-dist/tex/generic/pgf/utilities/pgfrcs.code.tex
Package: pgfrcs 2015/08/07 v3.0.1a (rcs-revision 1.31)
))
(/usr/share/texlive/texmf-dist/tex/generic/pgf/systemlayer/pgfsys.code.tex
Package: pgfsys 2014/07/09 v3.0.1a (rcs-revision 1.48)

(/usr/share/texlive/texmf-dist/tex/generic/pgf/utilities/pgfkeys.code.tex
\pgfkeys@pathtoks=\toks17
\pgfkeys@temptoks=\toks18

(/usr/share/texlive/texmf-dist/tex/generic/pgf/utilities/pgfkeysfiltered.code.t
ex
\pgfkeys@tmptoks=\toks19
))
\pgf@x=\dimen130
\pgf@y=\dimen131
\pgf@xa=\dimen132
\pgf@ya=\dimen133
\pgf@xb=\dimen134
\pgf@yb=\dimen135
\pgf@xc=\dimen136
\pgf@yc=\dimen137
\w@pgf@writea=\write3
\r@pgf@reada=\read1
\c@pgf@counta=\count107
\c@pgf@countb=\count108
\c@pgf@countc=\count109
\c@pgf@countd=\count110
\t@pgf@toka=\toks20
\t@pgf@tokb=\toks21
\t@pgf@tokc=\toks22
 (/usr/share/texlive/texmf-dist/tex/generic/pgf/systemlayer/pgf.cfg
File: pgf.cfg 2008/05/14  (rcs-revision 1.7)
)
Driver file for pgf: pgfsys-pdftex.def

(/usr/share/texlive/texmf-dist/tex/generic/pgf/systemlayer/pgfsys-pdftex.def
File: pgfsys-pdftex.def 2014/10/11  (rcs-revision 1.35)

(/usr/share/texlive/texmf-dist/tex/generic/pgf/systemlayer/pgfsys-common-pdf.de
f
File: pgfsys-common-pdf.def 2013/10/10  (rcs-revision 1.13)
)))
(/usr/share/texlive/texmf-dist/tex/generic/pgf/systemlayer/pgfsyssoftpath.code.
tex
File: pgfsyssoftpath.code.tex 2013/09/09  (rcs-revision 1.9)
\pgfsyssoftpath@smallbuffer@items=\count111
\pgfsyssoftpath@bigbuffer@items=\count112
)
(/usr/share/texlive/texmf-dist/tex/generic/pgf/systemlayer/pgfsysprotocol.code.
tex
File: pgfsysprotocol.code.tex 2006/10/16  (rcs-revision 1.4)
)) (/usr/share/texlive/texmf-dist/tex/latex/xcolor/xcolor.sty
Package: xcolor 2016/05/11 v2.12 LaTeX color extensions (UK)

(/usr/share/texlive/texmf-dist/tex/latex/graphics-cfg/color.cfg
File: color.cfg 2016/01/02 v1.6 sample color configuration
)
Package xcolor Info: Driver file: pdftex.def on input line 225.
Package xcolor Info: Model `cmy' substituted by `cmy0' on input line 1348.
Package xcolor Info: Model `hsb' substituted by `rgb' on input line 1352.
Package xcolor Info: Model `RGB' extended on input line 1364.
Package xcolor Info: Model `HTML' substituted by `rgb' on input line 1366.
Package xcolor Info: Model `Hsb' substituted by `hsb' on input line 1367.
Package xcolor Info: Model `tHsb' substituted by `hsb' on input line 1368.
Package xcolor Info: Model `HSB' substituted by `hsb' on input line 1369.
Package xcolor Info: Model `Gray' substituted by `gray' on input line 1370.
Package xcolor Info: Model `wave' substituted by `hsb' on input line 1371.
)
(/usr/share/texlive/texmf-dist/tex/generic/pgf/basiclayer/pgfcore.code.tex
Package: pgfcore 2010/04/11 v3.0.1a (rcs-revision 1.7)

(/usr/share/texlive/texmf-dist/tex/generic/pgf/math/pgfmath.code.tex
(/usr/share/texlive/texmf-dist/tex/generic/pgf/math/pgfmathcalc.code.tex
(/usr/share/texlive/texmf-dist/tex/generic/pgf/math/pgfmathutil.code.tex)
(/usr/share/texlive/texmf-dist/tex/generic/pgf/math/pgfmathparser.code.tex
\pgfmath@dimen=\dimen138
\pgfmath@count=\count113
\pgfmath@box=\box35
\pgfmath@toks=\toks23
\pgfmath@stack@operand=\toks24
\pgfmath@stack@operation=\toks25
)
(/usr/share/texlive/texmf-dist/tex/generic/pgf/math/pgfmathfunctions.code.tex
(/usr/share/texlive/texmf-dist/tex/generic/pgf/math/pgfmathfunctions.basic.code
.tex)
(/usr/share/texlive/texmf-dist/tex/generic/pgf/math/pgfmathfunctions.trigonomet
ric.code.tex)
(/usr/share/texlive/texmf-dist/tex/generic/pgf/math/pgfmathfunctions.random.cod
e.tex)
(/usr/share/texlive/texmf-dist/tex/generic/pgf/math/pgfmathfunctions.comparison
.code.tex)
(/usr/share/texlive/texmf-dist/tex/generic/pgf/math/pgfmathfunctions.base.code.
tex)
(/usr/share/texlive/texmf-dist/tex/generic/pgf/math/pgfmathfunctions.round.code
.tex)
(/usr/share/texlive/texmf-dist/tex/generic/pgf/math/pgfmathfunctions.misc.code.
tex)
(/usr/share/texlive/texmf-dist/tex/generic/pgf/math/pgfmathfunctions.integerari
thmetics.code.tex)))
(/usr/share/texlive/texmf-dist/tex/generic/pgf/math/pgfmathfloat.code.tex
\c@pgfmathroundto@lastzeros=\count114
))
(/usr/share/texlive/texmf-dist/tex/generic/pgf/basiclayer/pgfcorepoints.code.te
x
File: pgfcorepoints.code.tex 2013/10/07  (rcs-revision 1.27)
\pgf@picminx=\dimen139
\pgf@picmaxx=\dimen140
\pgf@picminy=\dimen141
\pgf@picmaxy=\dimen142
\pgf@pathminx=\dimen143
\pgf@pathmaxx=\dimen144
\pgf@pathminy=\dimen145
\pgf@pathmaxy=\dimen146
\pgf@xx=\dimen147
\pgf@xy=\dimen148
\pgf@yx=\dimen149
\pgf@yy=\dimen150
\pgf@zx=\dimen151
\pgf@zy=\dimen152
)
(/usr/share/texlive/texmf-dist/tex/generic/pgf/basiclayer/pgfcorepathconstruct.
code.tex
File: pgfcorepathconstruct.code.tex 2013/10/07  (rcs-revision 1.29)
\pgf@path@lastx=\dimen153
\pgf@path@lasty=\dimen154
)
(/usr/share/texlive/texmf-dist/tex/generic/pgf/basiclayer/pgfcorepathusage.code
.tex
File: pgfcorepathusage.code.tex 2014/11/02  (rcs-revision 1.24)
\pgf@shorten@end@additional=\dimen155
\pgf@shorten@start@additional=\dimen156
)
(/usr/share/texlive/texmf-dist/tex/generic/pgf/basiclayer/pgfcorescopes.code.te
x
File: pgfcorescopes.code.tex 2015/05/08  (rcs-revision 1.46)
\pgfpic=\box36
\pgf@hbox=\box37
\pgf@layerbox@main=\box38
\pgf@picture@serial@count=\count115
)
(/usr/share/texlive/texmf-dist/tex/generic/pgf/basiclayer/pgfcoregraphicstate.c
ode.tex
File: pgfcoregraphicstate.code.tex 2014/11/02  (rcs-revision 1.12)
\pgflinewidth=\dimen157
)
(/usr/share/texlive/texmf-dist/tex/generic/pgf/basiclayer/pgfcoretransformation
s.code.tex
File: pgfcoretransformations.code.tex 2015/08/07  (rcs-revision 1.20)
\pgf@pt@x=\dimen158
\pgf@pt@y=\dimen159
\pgf@pt@temp=\dimen160
)
(/usr/share/texlive/texmf-dist/tex/generic/pgf/basiclayer/pgfcorequick.code.tex
File: pgfcorequick.code.tex 2008/10/09  (rcs-revision 1.3)
)
(/usr/share/texlive/texmf-dist/tex/generic/pgf/basiclayer/pgfcoreobjects.code.t
ex
File: pgfcoreobjects.code.tex 2006/10/11  (rcs-revision 1.2)
)
(/usr/share/texlive/texmf-dist/tex/generic/pgf/basiclayer/pgfcorepathprocessing
.code.tex
File: pgfcorepathprocessing.code.tex 2013/09/09  (rcs-revision 1.9)
)
(/usr/share/texlive/texmf-dist/tex/generic/pgf/basiclayer/pgfcorearrows.code.te
x
File: pgfcorearrows.code.tex 2015/05/14  (rcs-revision 1.43)
\pgfarrowsep=\dimen161
)
(/usr/share/texlive/texmf-dist/tex/generic/pgf/basiclayer/pgfcoreshade.code.tex
File: pgfcoreshade.code.tex 2013/07/15  (rcs-revision 1.15)
\pgf@max=\dimen162
\pgf@sys@shading@range@num=\count116
)
(/usr/share/texlive/texmf-dist/tex/generic/pgf/basiclayer/pgfcoreimage.code.tex
File: pgfcoreimage.code.tex 2013/07/15  (rcs-revision 1.18)

(/usr/share/texlive/texmf-dist/tex/generic/pgf/basiclayer/pgfcoreexternal.code.
tex
File: pgfcoreexternal.code.tex 2014/07/09  (rcs-revision 1.21)
\pgfexternal@startupbox=\box39
))
(/usr/share/texlive/texmf-dist/tex/generic/pgf/basiclayer/pgfcorelayers.code.te
x
File: pgfcorelayers.code.tex 2013/07/18  (rcs-revision 1.7)
)
(/usr/share/texlive/texmf-dist/tex/generic/pgf/basiclayer/pgfcoretransparency.c
ode.tex
File: pgfcoretransparency.code.tex 2013/09/30  (rcs-revision 1.5)
)
(/usr/share/texlive/texmf-dist/tex/generic/pgf/basiclayer/pgfcorepatterns.code.
tex
File: pgfcorepatterns.code.tex 2013/11/07  (rcs-revision 1.5)
))) (/usr/share/texlive/texmf-dist/tex/latex/pgf/utilities/xxcolor.sty
Package: xxcolor 2003/10/24 ver 0.1
\XC@nummixins=\count117
\XC@countmixins=\count118
)
(/usr/share/texlive/texmf-dist/tex/generic/oberdiek/atbegshi.sty
Package: atbegshi 2016/06/09 v1.18 At begin shipout hook (HO)

(/usr/share/texlive/texmf-dist/tex/generic/oberdiek/infwarerr.sty
Package: infwarerr 2016/05/16 v1.4 Providing info/warning/error messages (HO)
)
(/usr/share/texlive/texmf-dist/tex/generic/oberdiek/ltxcmds.sty
Package: ltxcmds 2016/05/16 v1.23 LaTeX kernel commands for general use (HO)
))
(/usr/share/texlive/texmf-dist/tex/latex/hyperref/hyperref.sty
Package: hyperref 2018/02/06 v6.86b Hypertext links for LaTeX

(/usr/share/texlive/texmf-dist/tex/generic/oberdiek/hobsub-hyperref.sty
Package: hobsub-hyperref 2016/05/16 v1.14 Bundle oberdiek, subset hyperref (HO)


(/usr/share/texlive/texmf-dist/tex/generic/oberdiek/hobsub-generic.sty
Package: hobsub-generic 2016/05/16 v1.14 Bundle oberdiek, subset generic (HO)
Package: hobsub 2016/05/16 v1.14 Construct package bundles (HO)
Package hobsub Info: Skipping package `infwarerr' (already loaded).
Package hobsub Info: Skipping package `ltxcmds' (already loaded).
Package: ifluatex 2016/05/16 v1.4 Provides the ifluatex switch (HO)
Package ifluatex Info: LuaTeX not detected.
Package hobsub Info: Skipping package `ifvtex' (already loaded).
Package: intcalc 2016/05/16 v1.2 Expandable calculations with integers (HO)
Package hobsub Info: Skipping package `ifpdf' (already loaded).
Package: etexcmds 2016/05/16 v1.6 Avoid name clashes with e-TeX commands (HO)
Package etexcmds Info: Could not find \expanded.
(etexcmds)             That can mean that you are not using pdfTeX 1.50 or
(etexcmds)             that some package has redefined \expanded.
(etexcmds)             In the latter case, load this package earlier.
Package: kvsetkeys 2016/05/16 v1.17 Key value parser (HO)
Package: kvdefinekeys 2016/05/16 v1.4 Define keys (HO)
Package: pdftexcmds 2018/01/21 v0.26 Utility functions of pdfTeX for LuaTeX (HO
)
Package pdftexcmds Info: LuaTeX not detected.
Package pdftexcmds Info: \pdf@primitive is available.
Package pdftexcmds Info: \pdf@ifprimitive is available.
Package pdftexcmds Info: \pdfdraftmode found.
Package: pdfescape 2016/05/16 v1.14 Implements pdfTeX's escape features (HO)
Package: bigintcalc 2016/05/16 v1.4 Expandable calculations on big integers (HO
)
Package: bitset 2016/05/16 v1.2 Handle bit-vector datatype (HO)
Package: uniquecounter 2016/05/16 v1.3 Provide unlimited unique counter (HO)
)
Package hobsub Info: Skipping package `hobsub' (already loaded).
Package: letltxmacro 2016/05/16 v1.5 Let assignment for LaTeX macros (HO)
Package: hopatch 2016/05/16 v1.3 Wrapper for package hooks (HO)
Package: xcolor-patch 2016/05/16 xcolor patch
Package: atveryend 2016/05/16 v1.9 Hooks at the very end of document (HO)
Package hobsub Info: Skipping package `atbegshi' (already loaded).
Package: refcount 2016/05/16 v3.5 Data extraction from label references (HO)
Package: hycolor 2016/05/16 v1.8 Color options for hyperref/bookmark (HO)
)
(/usr/share/texlive/texmf-dist/tex/latex/oberdiek/auxhook.sty
Package: auxhook 2016/05/16 v1.4 Hooks for auxiliary files (HO)
)
(/usr/share/texlive/texmf-dist/tex/latex/oberdiek/kvoptions.sty
Package: kvoptions 2016/05/16 v3.12 Key value format for package options (HO)
)
\@linkdim=\dimen163
\Hy@linkcounter=\count119
\Hy@pagecounter=\count120

(/usr/share/texlive/texmf-dist/tex/latex/hyperref/pd1enc.def
File: pd1enc.def 2018/02/06 v6.86b Hyperref: PDFDocEncoding definition (HO)
)
\Hy@SavedSpaceFactor=\count121

(/usr/share/texlive/texmf-dist/tex/latex/latexconfig/hyperref.cfg
File: hyperref.cfg 2002/06/06 v1.2 hyperref configuration of TeXLive
)
Package hyperref Info: Option `bookmarks' set `true' on input line 4383.
Package hyperref Info: Option `bookmarksopen' set `true' on input line 4383.
Package hyperref Info: Option `implicit' set `false' on input line 4383.
Package hyperref Info: Hyper figures OFF on input line 4509.
Package hyperref Info: Link nesting OFF on input line 4514.
Package hyperref Info: Hyper index ON on input line 4517.
Package hyperref Info: Plain pages OFF on input line 4524.
Package hyperref Info: Backreferencing OFF on input line 4529.
Package hyperref Info: Implicit mode OFF; no redefinition of LaTeX internals.
Package hyperref Info: Bookmarks ON on input line 4762.
\c@Hy@tempcnt=\count122

(/usr/share/texlive/texmf-dist/tex/latex/url/url.sty
\Urlmuskip=\muskip10
Package: url 2013/09/16  ver 3.4  Verb mode for urls, etc.
)
LaTeX Info: Redefining \url on input line 5115.
\XeTeXLinkMargin=\dimen164
\Fld@menulength=\count123
\Field@Width=\dimen165
\Fld@charsize=\dimen166
Package hyperref Info: Hyper figures OFF on input line 6369.
Package hyperref Info: Link nesting OFF on input line 6374.
Package hyperref Info: Hyper index ON on input line 6377.
Package hyperref Info: backreferencing OFF on input line 6384.
Package hyperref Info: Link coloring OFF on input line 6389.
Package hyperref Info: Link coloring with OCG OFF on input line 6394.
Package hyperref Info: PDF/A mode OFF on input line 6399.
LaTeX Info: Redefining \ref on input line 6439.
LaTeX Info: Redefining \pageref on input line 6443.
\Hy@abspage=\count124


Package hyperref Message: Stopped early.

)
Package hyperref Info: Driver (autodetected): hpdftex.
 (/usr/share/texlive/texmf-dist/tex/latex/hyperref/hpdftex.def
File: hpdftex.def 2018/02/06 v6.86b Hyperref driver for pdfTeX
\Fld@listcount=\count125
\c@bookmark@seq@number=\count126

(/usr/share/texlive/texmf-dist/tex/latex/oberdiek/rerunfilecheck.sty
Package: rerunfilecheck 2016/05/16 v1.8 Rerun checks for auxiliary files (HO)
Package uniquecounter Info: New unique counter `rerunfilecheck' on input line 2
82.
))
(/usr/share/texlive/texmf-dist/tex/latex/beamer/beamerbaserequires.sty
(/usr/share/texlive/texmf-dist/tex/latex/beamer/beamerbasecompatibility.sty)
(/usr/share/texlive/texmf-dist/tex/latex/beamer/beamerbasefont.sty
(/usr/share/texlive/texmf-dist/tex/latex/amsfonts/amssymb.sty
Package: amssymb 2013/01/14 v3.01 AMS font symbols

(/usr/share/texlive/texmf-dist/tex/latex/amsfonts/amsfonts.sty
Package: amsfonts 2013/01/14 v3.01 Basic AMSFonts support
\@emptytoks=\toks26
\symAMSa=\mathgroup4
\symAMSb=\mathgroup5
LaTeX Font Info:    Overwriting math alphabet `\mathfrak' in version `bold'
(Font)                  U/euf/m/n --> U/euf/b/n on input line 106.
))
(/usr/share/texlive/texmf-dist/tex/latex/sansmathaccent/sansmathaccent.sty
Package: sansmathaccent 2013/03/28

(/usr/share/texlive/texmf-dist/tex/latex/filehook/filehook.sty
Package: filehook 2011/10/12 v0.5d Hooks for input files
)))
(/usr/share/texlive/texmf-dist/tex/latex/beamer/beamerbasetranslator.sty
(/usr/share/texlive/texmf-dist/tex/latex/translator/translator.sty
Package: translator 2018/01/04 v1.12 Easy translation of strings in LaTeX
))
(/usr/share/texlive/texmf-dist/tex/latex/beamer/beamerbasemisc.sty)
(/usr/share/texlive/texmf-dist/tex/latex/beamer/beamerbasetwoscreens.sty)
(/usr/share/texlive/texmf-dist/tex/latex/beamer/beamerbaseoverlay.sty
\beamer@argscount=\count127
\beamer@lastskipcover=\skip44
\beamer@trivlistdepth=\count128
)
(/usr/share/texlive/texmf-dist/tex/latex/beamer/beamerbasetitle.sty)
(/usr/share/texlive/texmf-dist/tex/latex/beamer/beamerbasesection.sty
\c@lecture=\count129
\c@part=\count130
\c@section=\count131
\c@subsection=\count132
\c@subsubsection=\count133
)
(/usr/share/texlive/texmf-dist/tex/latex/beamer/beamerbaseframe.sty
\beamer@framebox=\box40
\beamer@frametitlebox=\box41
\beamer@zoombox=\box42
\beamer@zoomcount=\count134
\beamer@zoomframecount=\count135
\beamer@frametextheight=\dimen167
\c@subsectionslide=\count136
\beamer@frametopskip=\skip45
\beamer@framebottomskip=\skip46
\beamer@frametopskipautobreak=\skip47
\beamer@framebottomskipautobreak=\skip48
\beamer@envbody=\toks27
\framewidth=\dimen168
\c@framenumber=\count137
)
(/usr/share/texlive/texmf-dist/tex/latex/beamer/beamerbaseverbatim.sty
\beamer@verbatimfileout=\write4
)
(/usr/share/texlive/texmf-dist/tex/latex/beamer/beamerbaseframesize.sty
\beamer@splitbox=\box43
\beamer@autobreakcount=\count138
\beamer@autobreaklastheight=\dimen169
\beamer@frametitletoks=\toks28
\beamer@framesubtitletoks=\toks29
)
(/usr/share/texlive/texmf-dist/tex/latex/beamer/beamerbaseframecomponents.sty
\beamer@footins=\box44
)
(/usr/share/texlive/texmf-dist/tex/latex/beamer/beamerbasecolor.sty
\beamer@bg@ht=\dimen170
\beamer@bg@wd=\dimen171
\beamer@bg@dp=\dimen172
)
(/usr/share/texlive/texmf-dist/tex/latex/beamer/beamerbasenotes.sty
\beamer@frameboxcopy=\box45
)
(/usr/share/texlive/texmf-dist/tex/latex/beamer/beamerbasetoc.sty)
(/usr/share/texlive/texmf-dist/tex/latex/beamer/beamerbasetemplates.sty
\beamer@sbttoks=\toks30

(/usr/share/texlive/texmf-dist/tex/latex/beamer/beamerbaseauxtemplates.sty
(/usr/share/texlive/texmf-dist/tex/latex/beamer/beamerbaseboxes.sty
\bmb@box=\box46
\bmb@colorbox=\box47
\bmb@boxshadow=\box48
\bmb@boxshadowball=\box49
\bmb@boxshadowballlarge=\box50
\bmb@temp=\dimen173
\bmb@dima=\dimen174
\bmb@dimb=\dimen175
\bmb@prevheight=\dimen176
)
\beamer@blockheadheight=\dimen177
))
(/usr/share/texlive/texmf-dist/tex/latex/beamer/beamerbaselocalstructure.sty
(/usr/share/texlive/texmf-dist/tex/latex/tools/enumerate.sty
Package: enumerate 2015/07/23 v3.00 enumerate extensions (DPC)
\@enLab=\toks31
)
\c@figure=\count139
\c@table=\count140
\abovecaptionskip=\skip49
\belowcaptionskip=\skip50
)
(/usr/share/texlive/texmf-dist/tex/latex/beamer/beamerbasenavigation.sty
\beamer@section@min@dim=\dimen178
)
(/usr/share/texlive/texmf-dist/tex/latex/beamer/beamerbasetheorems.sty
(/usr/share/texlive/texmf-dist/tex/latex/amsmath/amsmath.sty
Package: amsmath 2017/09/02 v2.17a AMS math features
\@mathmargin=\skip51

For additional information on amsmath, use the `?' option.
(/usr/share/texlive/texmf-dist/tex/latex/amsmath/amstext.sty
Package: amstext 2000/06/29 v2.01 AMS text

(/usr/share/texlive/texmf-dist/tex/latex/amsmath/amsgen.sty
File: amsgen.sty 1999/11/30 v2.0 generic functions
\@emptytoks=\toks32
\ex@=\dimen179
))
(/usr/share/texlive/texmf-dist/tex/latex/amsmath/amsbsy.sty
Package: amsbsy 1999/11/29 v1.2d Bold Symbols
\pmbraise@=\dimen180
)
(/usr/share/texlive/texmf-dist/tex/latex/amsmath/amsopn.sty
Package: amsopn 2016/03/08 v2.02 operator names
)
\inf@bad=\count141
LaTeX Info: Redefining \frac on input line 213.
\uproot@=\count142
\leftroot@=\count143
LaTeX Info: Redefining \overline on input line 375.
\classnum@=\count144
\DOTSCASE@=\count145
LaTeX Info: Redefining \ldots on input line 472.
LaTeX Info: Redefining \dots on input line 475.
LaTeX Info: Redefining \cdots on input line 596.
\Mathstrutbox@=\box51
\strutbox@=\box52
\big@size=\dimen181
LaTeX Font Info:    Redeclaring font encoding OML on input line 712.
LaTeX Font Info:    Redeclaring font encoding OMS on input line 713.
\macc@depth=\count146
\c@MaxMatrixCols=\count147
\dotsspace@=\muskip11
\c@parentequation=\count148
\dspbrk@lvl=\count149
\tag@help=\toks33
\row@=\count150
\column@=\count151
\maxfields@=\count152
\andhelp@=\toks34
\eqnshift@=\dimen182
\alignsep@=\dimen183
\tagshift@=\dimen184
\tagwidth@=\dimen185
\totwidth@=\dimen186
\lineht@=\dimen187
\@envbody=\toks35
\multlinegap=\skip52
\multlinetaggap=\skip53
\mathdisplay@stack=\toks36
LaTeX Info: Redefining \[ on input line 2817.
LaTeX Info: Redefining \] on input line 2818.
)
(/usr/share/texlive/texmf-dist/tex/latex/amscls/amsthm.sty
Package: amsthm 2017/10/31 v2.20.4
\thm@style=\toks37
\thm@bodyfont=\toks38
\thm@headfont=\toks39
\thm@notefont=\toks40
\thm@headpunct=\toks41
\thm@preskip=\skip54
\thm@postskip=\skip55
\thm@headsep=\skip56
\dth@everypar=\toks42
)
\c@theorem=\count153
)
(/usr/share/texlive/texmf-dist/tex/latex/beamer/beamerbasethemes.sty))
(/usr/share/texlive/texmf-dist/tex/latex/beamer/beamerthemedefault.sty
(/usr/share/texlive/texmf-dist/tex/latex/beamer/beamerfontthemedefault.sty)
(/usr/share/texlive/texmf-dist/tex/latex/beamer/beamercolorthemedefault.sty)
(/usr/share/texlive/texmf-dist/tex/latex/beamer/beamerinnerthemedefault.sty
\beamer@dima=\dimen188
\beamer@dimb=\dimen189
)
(/usr/share/texlive/texmf-dist/tex/latex/beamer/beamerouterthemedefault.sty)))
(./beamerthemeUoB.sty
(/usr/share/texlive/texmf-dist/tex/latex/beamer/beamerfontthemeserif.sty)
(./beamerinnerthemeUoB.sty) (./beamerfontthemeUoB.sty
(/usr/share/texlive/texmf-dist/tex/latex/psnfss/helvet.sty
Package: helvet 2005/04/12 PSNFSS-v9.2a (WaS) 
))
(./beamercolorthemeUoB.sty) (./beamerouterthemeUoB.sty
(/usr/share/texlive/texmf-dist/tex/latex/tools/calc.sty
Package: calc 2014/10/28 v4.3 Infix arithmetic (KKT,FJ)
\calc@Acount=\count154
\calc@Bcount=\count155
\calc@Adimen=\dimen190
\calc@Bdimen=\dimen191
\calc@Askip=\skip57
\calc@Bskip=\skip58
LaTeX Info: Redefining \setlength on input line 80.
LaTeX Info: Redefining \addtolength on input line 81.
\calc@Ccount=\count156
\calc@Cskip=\skip59
)
\margin=\skip60
\textmargin=\skip61
\logowidth=\skip62
))
(/usr/share/texlive/texmf-dist/tex/latex/framed/framed.sty
Package: framed 2011/10/22 v 0.96: framed or shaded text with page breaks
\OuterFrameSep=\skip63
\fb@frw=\dimen192
\fb@frh=\dimen193
\FrameRule=\dimen194
\FrameSep=\dimen195
)
(/usr/share/texlive/texmf-dist/tex/latex/multirow/multirow.sty
Package: multirow 2016/11/25 v2.2 Span multiple rows of a table
\multirow@colwidth=\skip64
\multirow@cntb=\count157
\multirow@dima=\skip65
\bigstrutjot=\dimen196
)
(/usr/share/texlive/texmf-dist/tex/latex/algorithms/algorithm.sty
Package: algorithm 2009/08/24 v0.1 Document Style `algorithm' - floating enviro
nment

(/usr/share/texlive/texmf-dist/tex/latex/float/float.sty
Package: float 2001/11/08 v1.3d Float enhancements (AL)
\c@float@type=\count158
\float@exts=\toks43
\float@box=\box53
\@float@everytoks=\toks44
\@floatcapt=\box54
)
(/usr/share/texlive/texmf-dist/tex/latex/base/ifthen.sty
Package: ifthen 2014/09/29 v1.1c Standard LaTeX ifthen package (DPC)
)
\@float@every@algorithm=\toks45
\c@algorithm=\count159
)
(/usr/share/texlive/texmf-dist/tex/latex/animate/animate.sty
Package: animate 2018/02/28 PDF animations from files and inline graphics

(/usr/share/texlive/texmf-dist/tex/latex/xkeyval/xkeyval.sty
Package: xkeyval 2014/12/03 v2.7a package option processing (HA)

(/usr/share/texlive/texmf-dist/tex/generic/xkeyval/xkeyval.tex
(/usr/share/texlive/texmf-dist/tex/generic/xkeyval/xkvutils.tex
\XKV@toks=\toks46
\XKV@tempa@toks=\toks47
)
\XKV@depth=\count160
File: xkeyval.tex 2014/12/03 v2.7a key=value parser (HA)
))
(/usr/share/texlive/texmf-dist/tex/latex/oberdiek/ifdraft.sty
Package: ifdraft 2016/05/16 v1.4 Detect class options draft and final (HO)
)
(/usr/share/texlive/texmf-dist/tex/latex/media9/pdfbase.sty
(/usr/share/texlive/texmf-dist/tex/latex/l3kernel/expl3.sty
Package: expl3 2018/02/21 L3 programming layer (loader) 

(/usr/share/texlive/texmf-dist/tex/latex/l3kernel/expl3-code.tex
Package: expl3 2018/02/21 L3 programming layer (code)
\c_max_int=\count161
\l_tmpa_int=\count162
\l_tmpb_int=\count163
\g_tmpa_int=\count164
\g_tmpb_int=\count165
\g__intarray_font_int=\count166
\g__prg_map_int=\count167
\c_log_iow=\count168
\l_iow_line_count_int=\count169
\l__iow_line_target_int=\count170
\l__iow_one_indent_int=\count171
\l__iow_indent_int=\count172
\c_zero_dim=\dimen197
\c_max_dim=\dimen198
\l_tmpa_dim=\dimen199
\l_tmpb_dim=\dimen256
\g_tmpa_dim=\dimen257
\g_tmpb_dim=\dimen258
\c_zero_skip=\skip66
\c_max_skip=\skip67
\l_tmpa_skip=\skip68
\l_tmpb_skip=\skip69
\g_tmpa_skip=\skip70
\g_tmpb_skip=\skip71
\c_zero_muskip=\muskip12
\c_max_muskip=\muskip13
\l_tmpa_muskip=\muskip14
\l_tmpb_muskip=\muskip15
\g_tmpa_muskip=\muskip16
\g_tmpb_muskip=\muskip17
\l_keys_choice_int=\count173
\c__fp_leading_shift_int=\count174
\c__fp_middle_shift_int=\count175
\c__fp_trailing_shift_int=\count176
\c__fp_big_leading_shift_int=\count177
\c__fp_big_middle_shift_int=\count178
\c__fp_big_trailing_shift_int=\count179
\c__fp_Bigg_leading_shift_int=\count180
\c__fp_Bigg_middle_shift_int=\count181
\c__fp_Bigg_trailing_shift_int=\count182
\c__fp_rand_size_int=\count183
\c__fp_rand_four_int=\count184
\c__fp_rand_eight_int=\count185
\l__sort_length_int=\count186
\l__sort_min_int=\count187
\l__sort_top_int=\count188
\l__sort_max_int=\count189
\l__sort_true_max_int=\count190
\l__sort_block_int=\count191
\l__sort_begin_int=\count192
\l__sort_end_int=\count193
\l__sort_A_int=\count194
\l__sort_B_int=\count195
\l__sort_C_int=\count196
\l__tl_build_start_index_int=\count197
\l__tl_build_index_int=\count198
\l__tl_analysis_normal_int=\count199
\l__tl_analysis_index_int=\count266
\l__tl_analysis_nesting_int=\count267
\l__tl_analysis_type_int=\count268
\l__regex_internal_a_int=\count269
\l__regex_internal_b_int=\count270
\l__regex_internal_c_int=\count271
\l__regex_balance_int=\count272
\l__regex_group_level_int=\count273
\l__regex_mode_int=\count274
\c__regex_cs_in_class_mode_int=\count275
\c__regex_cs_mode_int=\count276
\l__regex_catcodes_int=\count277
\l__regex_default_catcodes_int=\count278
\c__regex_catcode_D_int=\count279
\c__regex_catcode_S_int=\count280
\c__regex_catcode_L_int=\count281
\c__regex_catcode_O_int=\count282
\c__regex_catcode_A_int=\count283
\c__regex_all_catcodes_int=\count284
\l__regex_show_lines_int=\count285
\l__regex_min_state_int=\count286
\l__regex_max_state_int=\count287
\l__regex_left_state_int=\count288
\l__regex_right_state_int=\count289
\l__regex_capturing_group_int=\count290
\l__regex_min_pos_int=\count291
\l__regex_max_pos_int=\count292
\l__regex_curr_pos_int=\count293
\l__regex_start_pos_int=\count294
\l__regex_success_pos_int=\count295
\l__regex_curr_char_int=\count296
\l__regex_curr_catcode_int=\count297
\l__regex_last_char_int=\count298
\l__regex_case_changed_char_int=\count299
\l__regex_curr_state_int=\count300
\l__regex_step_int=\count301
\l__regex_min_active_int=\count302
\l__regex_max_active_int=\count303
\l__regex_replacement_csnames_int=\count304
\l__regex_match_count_int=\count305
\l__regex_min_submatch_int=\count306
\l__regex_submatch_int=\count307
\l__regex_zeroth_submatch_int=\count308
\g__regex_trace_regex_int=\count309
\c_empty_box=\box55
\l_tmpa_box=\box56
\l_tmpb_box=\box57
\g_tmpa_box=\box58
\g_tmpb_box=\box59
\l__box_top_dim=\dimen259
\l__box_bottom_dim=\dimen260
\l__box_left_dim=\dimen261
\l__box_right_dim=\dimen262
\l__box_top_new_dim=\dimen263
\l__box_bottom_new_dim=\dimen264
\l__box_left_new_dim=\dimen265
\l__box_right_new_dim=\dimen266
\l__box_internal_box=\box60
\l__coffin_internal_box=\box61
\l__coffin_internal_dim=\dimen267
\l__coffin_offset_x_dim=\dimen268
\l__coffin_offset_y_dim=\dimen269
\l__coffin_x_dim=\dimen270
\l__coffin_y_dim=\dimen271
\l__coffin_x_prime_dim=\dimen272
\l__coffin_y_prime_dim=\dimen273
\c_empty_coffin=\box62
\l__coffin_aligned_coffin=\box63
\l__coffin_aligned_internal_coffin=\box64
\l_tmpa_coffin=\box65
\l_tmpb_coffin=\box66
\l__coffin_display_coffin=\box67
\l__coffin_display_coord_coffin=\box68
\l__coffin_display_pole_coffin=\box69
\l__coffin_display_offset_dim=\dimen274
\l__coffin_display_x_dim=\dimen275
\l__coffin_display_y_dim=\dimen276
\l__coffin_bounding_shift_dim=\dimen277
\l__coffin_left_corner_dim=\dimen278
\l__coffin_right_corner_dim=\dimen279
\l__coffin_bottom_corner_dim=\dimen280
\l__coffin_top_corner_dim=\dimen281
\l__coffin_scaled_total_height_dim=\dimen282
\l__coffin_scaled_width_dim=\dimen283
)
(/usr/share/texlive/texmf-dist/tex/latex/l3kernel/l3pdfmode.def
File: l3pdfmode.def 2017/03/18 v L3 Experimental driver: PDF mode
\l__driver_color_stack_int=\count310
\l__driver_tmp_box=\box70
))
(/usr/share/texlive/texmf-dist/tex/latex/l3packages/l3keys2e/l3keys2e.sty
Package: l3keys2e 2018/02/21 LaTeX2e option processing using LaTeX3 keys
)
Package: pdfbase 2018/02/28 v0.21 driver independent access to low-level PDF fe
atures
\g_pbs_page_int=\count311
\g_pbs_oc_int=\count312
)
(/usr/share/texlive/texmf-dist/tex/latex/ocgx2/ocgbase.sty
Package: ocgbase 2017/09/29 v0.12 support package for ocgx2.sty
\g_ocgbase_nd_int=\count313
)
\@anim@box=\box71
\@anim@measbox=\box72
\@anim@tmpdima=\dimen284
\@anim@tmpdimb=\dimen285
\@anim@num=\count314
\@anim@curframe=\count315
\@anim@curframe@zb=\count316
\@anim@resizeflags=\count317
\@anim@skipfram=\count318
\@anim@mulframecnt=\count319
\@anim@@tmlnfile=\read2
\@anim@tmpcnt=\count320
\c@@anim@ltxcnt=\count321
\@anim@curlayer=\count322
\@anim@lineno=\count323
\@anim@curfield=\count324
\@anim@@resizeflags=\count325
)
(/usr/share/texlive/texmf-dist/tex/latex/adjustbox/adjustbox.sty
Package: adjustbox 2012/05/21 v1.0 Adjusting TeX boxes (trim, clip, ...)

(/usr/share/texlive/texmf-dist/tex/latex/adjustbox/adjcalc.sty
Package: adjcalc 2012/05/16 v1.1 Provides advanced setlength with multiple back
-ends (calc, etex, pgfmath)
)
(/usr/share/texlive/texmf-dist/tex/latex/adjustbox/trimclip.sty
Package: trimclip 2012/05/16 v1.0 Trim and clip general TeX material

(/usr/share/texlive/texmf-dist/tex/latex/collectbox/collectbox.sty
Package: collectbox 2012/05/17 v0.4b Collect macro arguments as boxes
\collectedbox=\box73
)
\tc@llx=\dimen286
\tc@lly=\dimen287
\tc@urx=\dimen288
\tc@ury=\dimen289
Package trimclip Info: Using driver 'tc-pdftex.def'.

(/usr/share/texlive/texmf-dist/tex/latex/adjustbox/tc-pdftex.def
File: tc-pdftex.def 2012/05/13 v1.0 Clipping driver for pdftex
))
\adjbox@Width=\dimen290
\adjbox@Height=\dimen291
\adjbox@Depth=\dimen292
\adjbox@Totalheight=\dimen293

(/usr/share/texlive/texmf-dist/tex/latex/ifoddpage/ifoddpage.sty
Package: ifoddpage 2016/04/23 v1.1 Conditionals for odd/even page detection
\c@checkoddpage=\count326
)
(/usr/share/texlive/texmf-dist/tex/latex/varwidth/varwidth.sty
Package: varwidth 2009/03/30 ver 0.92;  Variable-width minipages
\@vwid@box=\box74
\sift@deathcycles=\count327
\@vwid@loff=\dimen294
\@vwid@roff=\dimen295
))
(/usr/share/texlive/texmf-dist/tex/latex/algorithmicx/algpseudocode.sty
Package: algpseudocode 

(/usr/share/texlive/texmf-dist/tex/latex/algorithmicx/algorithmicx.sty
Package: algorithmicx 2005/04/27 v1.2 Algorithmicx

Document Style algorithmicx 1.2 - a greatly improved `algorithmic' style
\c@ALG@line=\count328
\c@ALG@rem=\count329
\c@ALG@nested=\count330
\ALG@tlm=\skip72
\ALG@thistlm=\skip73
\c@ALG@Lnr=\count331
\c@ALG@blocknr=\count332
\c@ALG@storecount=\count333
\c@ALG@tmpcounter=\count334
\ALG@tmplength=\skip74
)
Document Style - pseudocode environments for use with the `algorithmicx' style
) (/usr/share/texlive/texmf-dist/tex/generic/ulem/ulem.sty
\UL@box=\box75
\UL@hyphenbox=\box76
\UL@skip=\skip75
\UL@hook=\toks48
\UL@height=\dimen296
\UL@pe=\count335
\UL@pixel=\dimen297
\ULC@box=\box77
Package: ulem 2012/05/18
\ULdepth=\dimen298
)

Package hyperref Warning: Token not allowed in a PDF string (PDFDocEncoding):
(hyperref)                removing `math shift' on input line 36.


Package hyperref Warning: Token not allowed in a PDF string (PDFDocEncoding):
(hyperref)                removing `\@@underline' on input line 36.


Package hyperref Warning: Token not allowed in a PDF string (PDFDocEncoding):
(hyperref)                removing `\hbox' on input line 36.


Package hyperref Warning: Token not allowed in a PDF string (PDFDocEncoding):
(hyperref)                removing `\mathsurround' on input line 36.


Package hyperref Warning: Token not allowed in a PDF string (PDFDocEncoding):
(hyperref)                removing `\z@' on input line 36.


Package hyperref Warning: Token not allowed in a PDF string (PDFDocEncoding):
(hyperref)                removing `math shift' on input line 36.


Package hyperref Warning: Token not allowed in a PDF string (PDFDocEncoding):
(hyperref)                removing `math shift' on input line 36.


Package hyperref Warning: Token not allowed in a PDF string (PDFDocEncoding):
(hyperref)                removing `superscript' on input line 36.


Package hyperref Warning: Token not allowed in a PDF string (PDFDocEncoding):
(hyperref)                removing `\dagger' on input line 36.


Package hyperref Warning: Token not allowed in a PDF string (PDFDocEncoding):
(hyperref)                removing `math shift' on input line 36.


Package hyperref Warning: Token not allowed in a PDF string (PDFDocEncoding):
(hyperref)                removing `math shift' on input line 36.


Package hyperref Warning: Token not allowed in a PDF string (PDFDocEncoding):
(hyperref)                removing `superscript' on input line 36.


Package hyperref Warning: Token not allowed in a PDF string (PDFDocEncoding):
(hyperref)                removing `\ddagger' on input line 36.


Package hyperref Warning: Token not allowed in a PDF string (PDFDocEncoding):
(hyperref)                removing `math shift' on input line 36.


Package hyperref Warning: Token not allowed in a PDF string (PDFDocEncoding):
(hyperref)                removing `math shift' on input line 36.


Package hyperref Warning: Token not allowed in a PDF string (PDFDocEncoding):
(hyperref)                removing `superscript' on input line 36.


Package hyperref Warning: Token not allowed in a PDF string (PDFDocEncoding):
(hyperref)                removing `\ddagger' on input line 36.


Package hyperref Warning: Token not allowed in a PDF string (PDFDocEncoding):
(hyperref)                removing `math shift' on input line 36.


Package hyperref Warning: Token not allowed in a PDF string (PDFDocEncoding):
(hyperref)                removing `math shift' on input line 36.


Package hyperref Warning: Token not allowed in a PDF string (PDFDocEncoding):
(hyperref)                removing `superscript' on input line 36.


Package hyperref Warning: Token not allowed in a PDF string (PDFDocEncoding):
(hyperref)                removing `\ddagger' on input line 36.


Package hyperref Warning: Token not allowed in a PDF string (PDFDocEncoding):
(hyperref)                removing `math shift' on input line 36.

(./example.aux)
\openout1 = `example.aux'.

LaTeX Font Info:    Checking defaults for OML/cmm/m/it on input line 42.
LaTeX Font Info:    ... okay on input line 42.
LaTeX Font Info:    Checking defaults for T1/cmr/m/n on input line 42.
LaTeX Font Info:    ... okay on input line 42.
LaTeX Font Info:    Checking defaults for OT1/cmr/m/n on input line 42.
LaTeX Font Info:    ... okay on input line 42.
LaTeX Font Info:    Checking defaults for OMS/cmsy/m/n on input line 42.
LaTeX Font Info:    ... okay on input line 42.
LaTeX Font Info:    Checking defaults for OMX/cmex/m/n on input line 42.
LaTeX Font Info:    ... okay on input line 42.
LaTeX Font Info:    Checking defaults for U/cmr/m/n on input line 42.
LaTeX Font Info:    ... okay on input line 42.
LaTeX Font Info:    Checking defaults for PD1/pdf/m/n on input line 42.
LaTeX Font Info:    ... okay on input line 42.
LaTeX Font Info:    Try loading font information for OT1+phv on input line 42.
 (/usr/share/texlive/texmf-dist/tex/latex/psnfss/ot1phv.fd
File: ot1phv.fd 2001/06/04 scalable font definitions for OT1/phv.
)
LaTeX Font Info:    Font shape `OT1/phv/m/n' will be
(Font)              scaled to size 9.41699pt on input line 42.

*geometry* driver: auto-detecting
*geometry* detected driver: pdftex
*geometry* verbose mode - [ preamble ] result:
* driver: pdftex
* paper: custom
* layout: <same size as paper>
* layoutoffset:(h,v)=(0.0pt,0.0pt)
* modes: includehead includefoot 
* h-part:(L,W,R)=(14.22636pt, 335.74263pt, 14.22636pt)
* v-part:(T,H,B)=(0.0pt, 273.14662pt, 0.0pt)
* \paperwidth=364.19536pt
* \paperheight=273.14662pt
* \textwidth=335.74263pt
* \textheight=244.6939pt
* \oddsidemargin=-58.04362pt
* \evensidemargin=-58.04362pt
* \topmargin=-72.26999pt
* \headheight=14.22636pt
* \headsep=0.0pt
* \topskip=11.0pt
* \footskip=14.22636pt
* \marginparwidth=4.0pt
* \marginparsep=10.0pt
* \columnsep=10.0pt
* \skip\footins=10.0pt plus 4.0pt minus 2.0pt
* \hoffset=0.0pt
* \voffset=0.0pt
* \mag=1000
* \@twocolumnfalse
* \@twosidefalse
* \@mparswitchfalse
* \@reversemarginfalse
* (1in=72.27pt=25.4mm, 1cm=28.453pt)

(/usr/share/texlive/texmf-dist/tex/context/base/mkii/supp-pdf.mkii
[Loading MPS to PDF converter (version 2006.09.02).]
\scratchcounter=\count336
\scratchdimen=\dimen299
\scratchbox=\box78
\nofMPsegments=\count337
\nofMParguments=\count338
\everyMPshowfont=\toks49
\MPscratchCnt=\count339
\MPscratchDim=\dimen300
\MPnumerator=\count340
\makeMPintoPDFobject=\count341
\everyMPtoPDFconversion=\toks50
) (/usr/share/texlive/texmf-dist/tex/latex/oberdiek/epstopdf-base.sty
Package: epstopdf-base 2016/05/15 v2.6 Base part for package epstopdf

(/usr/share/texlive/texmf-dist/tex/latex/oberdiek/grfext.sty
Package: grfext 2016/05/16 v1.2 Manage graphics extensions (HO)
)
Package epstopdf-base Info: Redefining graphics rule for `.eps' on input line 4
38.
Package grfext Info: Graphics extension search list:
(grfext)             [.pdf,.png,.jpg,.mps,.jpeg,.jbig2,.jb2,.PDF,.PNG,.JPG,.JPE
G,.JBIG2,.JB2,.eps]
(grfext)             \AppendGraphicsExtensions on input line 456.

(/usr/share/texlive/texmf-dist/tex/latex/latexconfig/epstopdf-sys.cfg
File: epstopdf-sys.cfg 2010/07/13 v1.3 Configuration of (r)epstopdf for TeX Liv
e
))
ABD: EveryShipout initializing macros
\AtBeginShipoutBox=\box79
Package hyperref Info: Link coloring OFF on input line 42.

(/usr/share/texlive/texmf-dist/tex/latex/hyperref/nameref.sty
Package: nameref 2016/05/21 v2.44 Cross-referencing by name of section

(/usr/share/texlive/texmf-dist/tex/generic/oberdiek/gettitlestring.sty
Package: gettitlestring 2016/05/16 v1.5 Cleanup title references (HO)
)
\c@section@level=\count342
)
LaTeX Info: Redefining \ref on input line 42.
LaTeX Info: Redefining \pageref on input line 42.
LaTeX Info: Redefining \nameref on input line 42.

(./example.out) (./example.out)
\@outlinefile=\write5
\openout5 = `example.out'.


(/usr/share/texlive/texmf-dist/tex/latex/translator/translator-basic-dictionary
-English.dict
Dictionary: translator-basic-dictionary, Language: English 
)
(/usr/share/texlive/texmf-dist/tex/latex/translator/translator-bibliography-dic
tionary-English.dict
Dictionary: translator-bibliography-dictionary, Language: English 
)
(/usr/share/texlive/texmf-dist/tex/latex/translator/translator-environment-dict
ionary-English.dict
Dictionary: translator-environment-dictionary, Language: English 
)
(/usr/share/texlive/texmf-dist/tex/latex/translator/translator-months-dictionar
y-English.dict
Dictionary: translator-months-dictionary, Language: English 
)
(/usr/share/texlive/texmf-dist/tex/latex/translator/translator-numbers-dictiona
ry-English.dict
Dictionary: translator-numbers-dictionary, Language: English 
)
(/usr/share/texlive/texmf-dist/tex/latex/translator/translator-theorem-dictiona
ry-English.dict
Dictionary: translator-theorem-dictionary, Language: English 
) (./example.nav)
LaTeX Font Info:    Font shape `OT1/phv/m/n' will be
(Font)              scaled to size 5.16pt on input line 42.
LaTeX Font Info:    Font shape `OT1/phv/m/n' will be
(Font)              scaled to size 12.384pt on input line 42.
LaTeX Font Info:    Font shape `OT1/phv/m/n' will be
(Font)              scaled to size 6.88pt on input line 42.
LaTeX Font Info:    Font shape `OT1/phv/m/n' will be
(Font)              scaled to size 17.83641pt on input line 44.
LaTeX Font Info:    Try loading font information for U+msa on input line 44.

(/usr/share/texlive/texmf-dist/tex/latex/amsfonts/umsa.fd
File: umsa.fd 2013/01/14 v3.01 AMS symbols A
)
LaTeX Font Info:    Try loading font information for U+msb on input line 44.

(/usr/share/texlive/texmf-dist/tex/latex/amsfonts/umsb.fd
File: umsb.fd 2013/01/14 v3.01 AMS symbols B
)
<quantumalice.jpg, id=18, 702.625pt x 710.655pt>
File: quantumalice.jpg Graphic file (type jpg)
<use quantumalice.jpg>
Package pdftex.def Info: quantumalice.jpg  used on input line 65.
(pdftex.def)             Requested size: 112.42229pt x 113.70712pt.
LaTeX Font Info:    Font shape `OT1/phv/m/n' will be
(Font)              scaled to size 14.86081pt on input line 65.
LaTeX Font Info:    Font shape `OT1/phv/m/n' will be
(Font)              scaled to size 3.44pt on input line 65.
 [1{/var/lib/texmf/fonts/map/pdftex/updmap/pdftex.map}

 <./UoB-watermark.pdf> <./UoB-logo.pdf> <./UoB-url.png>] [2 <./UoB-bullet.pdf> 
<./quantumalice.jpg>]
LaTeX Font Info:    Font shape `OT1/phv/m/n' will be
(Font)              scaled to size 8.6pt on input line 168.
<qc-300x252.png, id=41, 240.9pt x 202.356pt>
File: qc-300x252.png Graphic file (type png)
<use qc-300x252.png>
Package pdftex.def Info: qc-300x252.png  used on input line 168.
(pdftex.def)             Requested size: 110.81534pt x 93.08488pt.

Overfull \hbox (10.09154pt too wide) in paragraph at lines 168--168
 []
 []

[3

 <./qc-300x252.png>] [4

] [5

]
LaTeX Font Info:    Font shape `OT1/phv/m/n' will be
(Font)              scaled to size 7.74pt on input line 292.
LaTeX Font Info:    Font shape `OT1/phv/bx/n' in size <10.95> not available
(Font)              Font shape `OT1/phv/b/n' tried instead on input line 292.
LaTeX Font Info:    Font shape `OT1/phv/b/n' will be
(Font)              scaled to size 9.41699pt on input line 292.
LaTeX Font Info:    Font shape `OT1/phv/bx/n' in size <9> not available
(Font)              Font shape `OT1/phv/b/n' tried instead on input line 292.
LaTeX Font Info:    Font shape `OT1/phv/b/n' will be
(Font)              scaled to size 7.74pt on input line 292.
LaTeX Font Info:    Font shape `OT1/phv/m/sc' will be
(Font)              scaled to size 7.74pt on input line 292.
LaTeX Font Info:    Font shape `OT1/phv/m/n' will be
(Font)              scaled to size 4.3pt on input line 292.

Overfull \vbox (1.41452pt too high) detected at line 292
 []

[6

] [7

]
LaTeX Font Info:    Font shape `OT1/phv/m/n' will be
(Font)              scaled to size 6.02pt on input line 358.


LaTeX Warning: Citation `DBLP:conf/ccs/BosCDMNNRS16' on page 8 undefined on inp
ut line 358.

<frodo1.jpg, id=90, 763.85374pt x 1027.84pt>
File: frodo1.jpg Graphic file (type jpg)
<use frodo1.jpg>
Package pdftex.def Info: frodo1.jpg  used on input line 358.
(pdftex.def)             Requested size: 76.38985pt x 102.79001pt.
[8

 <./frodo1.jpg>] [9

]
Package epstopdf Info: Source file: <frodo_flowchart_encaps.eps>
(epstopdf)                    date: 2018-07-18 14:15:09
(epstopdf)                    size: 39786 bytes
(epstopdf)             Output file: <frodo_flowchart_encaps-eps-converted-to.pd
f>
(epstopdf)                    date: 2018-08-22 12:59:27
(epstopdf)                    size: 13324 bytes
(epstopdf)             Command: <repstopdf --outfile=frodo_flowchart_encaps-eps
-converted-to.pdf frodo_flowchart_encaps.eps>
(epstopdf)             \includegraphics on input line 401.
Package epstopdf Info: Output file is already uptodate.
<frodo_flowchart_encaps-eps-converted-to.pdf, id=103, 448.67625pt x 402.50375pt
>
File: frodo_flowchart_encaps-eps-converted-to.pdf Graphic file (type pdf)
<use frodo_flowchart_encaps-eps-converted-to.pdf>
Package pdftex.def Info: frodo_flowchart_encaps-eps-converted-to.pdf  used on i
nput line 401.
(pdftex.def)             Requested size: 148.06361pt x 132.82664pt.

Overfull \vbox (6.66805pt too high) detected at line 401
 []

[10

 <./frodo_flowchart_encaps-eps-converted-to.pdf>] [11

] [12

] [13

]
<FPGA_encaps.png, id=146, 512.04883pt x 255.9763pt>
File: FPGA_encaps.png Graphic file (type png)
<use FPGA_encaps.png>
Package pdftex.def Info: FPGA_encaps.png  used on input line 501.
(pdftex.def)             Requested size: 256.02379pt x 127.98782pt.

Overfull \vbox (0.82922pt too high) detected at line 501
 []

[14

 <./FPGA_encaps.png>]
Overfull \vbox (7.5204pt too high) detected at line 581
 []

[15

] [16

]
<Frodo_Doom.png, id=173, 1365.1pt x 566.115pt>
File: Frodo_Doom.png Graphic file (type png)
<use Frodo_Doom.png>
Package pdftex.def Info: Frodo_Doom.png  used on input line 615.
(pdftex.def)             Requested size: 204.75616pt x 84.91357pt.
 [17

 <./Frodo_Doom.png>]
<gollum/727f4870d47c42dbfe564b92f35209e0-0.png, id=180, 301.125pt x 130.4875pt>

File: gollum/727f4870d47c42dbfe564b92f35209e0-0.png Graphic file (type png)
<use gollum/727f4870d47c42dbfe564b92f35209e0-0.png>
Package pdftex.def Info: gollum/727f4870d47c42dbfe564b92f35209e0-0.png  used on
 input line 631.
(pdftex.def)             Requested size: 301.12425pt x 130.48717pt.
 <./gollum/727f4870d47c42dbfe564b92f35209e0-0.png> <a0,fr0>
<gollum/727f4870d47c42dbfe564b92f35209e0-1.png, id=189, 301.125pt x 130.4875pt>

File: gollum/727f4870d47c42dbfe564b92f35209e0-1.png Graphic file (type png)
<use gollum/727f4870d47c42dbfe564b92f35209e0-1.png>
Package pdftex.def Info: gollum/727f4870d47c42dbfe564b92f35209e0-1.png  used on
 input line 631.
(pdftex.def)             Requested size: 301.12425pt x 130.48717pt.
 <./gollum/727f4870d47c42dbfe564b92f35209e0-1.png> <a0,fr1>
<gollum/727f4870d47c42dbfe564b92f35209e0-2.png, id=198, 301.125pt x 130.4875pt>

File: gollum/727f4870d47c42dbfe564b92f35209e0-2.png Graphic file (type png)
<use gollum/727f4870d47c42dbfe564b92f35209e0-2.png>
Package pdftex.def Info: gollum/727f4870d47c42dbfe564b92f35209e0-2.png  used on
 input line 631.
(pdftex.def)             Requested size: 301.12425pt x 130.48717pt.
 <./gollum/727f4870d47c42dbfe564b92f35209e0-2.png> <a0,fr2>
<gollum/727f4870d47c42dbfe564b92f35209e0-3.png, id=207, 301.125pt x 130.4875pt>

File: gollum/727f4870d47c42dbfe564b92f35209e0-3.png Graphic file (type png)
<use gollum/727f4870d47c42dbfe564b92f35209e0-3.png>
Package pdftex.def Info: gollum/727f4870d47c42dbfe564b92f35209e0-3.png  used on
 input line 631.
(pdftex.def)             Requested size: 301.12425pt x 130.48717pt.
 <./gollum/727f4870d47c42dbfe564b92f35209e0-3.png> <a0,fr3>
<gollum/727f4870d47c42dbfe564b92f35209e0-4.png, id=216, 301.125pt x 130.4875pt>

File: gollum/727f4870d47c42dbfe564b92f35209e0-4.png Graphic file (type png)
<use gollum/727f4870d47c42dbfe564b92f35209e0-4.png>
Package pdftex.def Info: gollum/727f4870d47c42dbfe564b92f35209e0-4.png  used on
 input line 631.
(pdftex.def)             Requested size: 301.12425pt x 130.48717pt.
 <./gollum/727f4870d47c42dbfe564b92f35209e0-4.png> <a0,fr4>
<gollum/727f4870d47c42dbfe564b92f35209e0-5.png, id=225, 301.125pt x 130.4875pt>

File: gollum/727f4870d47c42dbfe564b92f35209e0-5.png Graphic file (type png)
<use gollum/727f4870d47c42dbfe564b92f35209e0-5.png>
Package pdftex.def Info: gollum/727f4870d47c42dbfe564b92f35209e0-5.png  used on
 input line 631.
(pdftex.def)             Requested size: 301.12425pt x 130.48717pt.
 <./gollum/727f4870d47c42dbfe564b92f35209e0-5.png> <a0,fr5>
<gollum/727f4870d47c42dbfe564b92f35209e0-6.png, id=234, 301.125pt x 130.4875pt>

File: gollum/727f4870d47c42dbfe564b92f35209e0-6.png Graphic file (type png)
<use gollum/727f4870d47c42dbfe564b92f35209e0-6.png>
Package pdftex.def Info: gollum/727f4870d47c42dbfe564b92f35209e0-6.png  used on
 input line 631.
(pdftex.def)             Requested size: 301.12425pt x 130.48717pt.
 <./gollum/727f4870d47c42dbfe564b92f35209e0-6.png> <a0,fr6>
<gollum/727f4870d47c42dbfe564b92f35209e0-7.png, id=243, 301.125pt x 130.4875pt>

File: gollum/727f4870d47c42dbfe564b92f35209e0-7.png Graphic file (type png)
<use gollum/727f4870d47c42dbfe564b92f35209e0-7.png>
Package pdftex.def Info: gollum/727f4870d47c42dbfe564b92f35209e0-7.png  used on
 input line 631.
(pdftex.def)             Requested size: 301.12425pt x 130.48717pt.
 <./gollum/727f4870d47c42dbfe564b92f35209e0-7.png> <a0,fr7>
<gollum/727f4870d47c42dbfe564b92f35209e0-8.png, id=252, 301.125pt x 130.4875pt>

File: gollum/727f4870d47c42dbfe564b92f35209e0-8.png Graphic file (type png)
<use gollum/727f4870d47c42dbfe564b92f35209e0-8.png>
Package pdftex.def Info: gollum/727f4870d47c42dbfe564b92f35209e0-8.png  used on
 input line 631.
(pdftex.def)             Requested size: 301.12425pt x 130.48717pt.
 <./gollum/727f4870d47c42dbfe564b92f35209e0-8.png> <a0,fr8>
<gollum/727f4870d47c42dbfe564b92f35209e0-9.png, id=261, 301.125pt x 130.4875pt>

File: gollum/727f4870d47c42dbfe564b92f35209e0-9.png Graphic file (type png)
<use gollum/727f4870d47c42dbfe564b92f35209e0-9.png>
Package pdftex.def Info: gollum/727f4870d47c42dbfe564b92f35209e0-9.png  used on
 input line 631.
(pdftex.def)             Requested size: 301.12425pt x 130.48717pt.
 <./gollum/727f4870d47c42dbfe564b92f35209e0-9.png> <a0,fr9>
<gollum/727f4870d47c42dbfe564b92f35209e0-10.png, id=270, 301.125pt x 130.4875pt
>
File: gollum/727f4870d47c42dbfe564b92f35209e0-10.png Graphic file (type png)
<use gollum/727f4870d47c42dbfe564b92f35209e0-10.png>
Package pdftex.def Info: gollum/727f4870d47c42dbfe564b92f35209e0-10.png  used o
n input line 631.
(pdftex.def)             Requested size: 301.12425pt x 130.48717pt.
 <./gollum/727f4870d47c42dbfe564b92f35209e0-10.png> <a0,fr10>
<gollum/727f4870d47c42dbfe564b92f35209e0-11.png, id=279, 301.125pt x 130.4875pt
>
File: gollum/727f4870d47c42dbfe564b92f35209e0-11.png Graphic file (type png)
<use gollum/727f4870d47c42dbfe564b92f35209e0-11.png>
Package pdftex.def Info: gollum/727f4870d47c42dbfe564b92f35209e0-11.png  used o
n input line 631.
(pdftex.def)             Requested size: 301.12425pt x 130.48717pt.
 <./gollum/727f4870d47c42dbfe564b92f35209e0-11.png> <a0,fr11>
<gollum/727f4870d47c42dbfe564b92f35209e0-12.png, id=288, 301.125pt x 130.4875pt
>
File: gollum/727f4870d47c42dbfe564b92f35209e0-12.png Graphic file (type png)
<use gollum/727f4870d47c42dbfe564b92f35209e0-12.png>
Package pdftex.def Info: gollum/727f4870d47c42dbfe564b92f35209e0-12.png  used o
n input line 631.
(pdftex.def)             Requested size: 301.12425pt x 130.48717pt.
 <./gollum/727f4870d47c42dbfe564b92f35209e0-12.png> <a0,fr12>
<gollum/727f4870d47c42dbfe564b92f35209e0-13.png, id=297, 301.125pt x 130.4875pt
>
File: gollum/727f4870d47c42dbfe564b92f35209e0-13.png Graphic file (type png)
<use gollum/727f4870d47c42dbfe564b92f35209e0-13.png>
Package pdftex.def Info: gollum/727f4870d47c42dbfe564b92f35209e0-13.png  used o
n input line 631.
(pdftex.def)             Requested size: 301.12425pt x 130.48717pt.
 <./gollum/727f4870d47c42dbfe564b92f35209e0-13.png> <a0,fr13>
<gollum/727f4870d47c42dbfe564b92f35209e0-14.png, id=306, 301.125pt x 130.4875pt
>
File: gollum/727f4870d47c42dbfe564b92f35209e0-14.png Graphic file (type png)
<use gollum/727f4870d47c42dbfe564b92f35209e0-14.png>
Package pdftex.def Info: gollum/727f4870d47c42dbfe564b92f35209e0-14.png  used o
n input line 631.
(pdftex.def)             Requested size: 301.12425pt x 130.48717pt.
 <./gollum/727f4870d47c42dbfe564b92f35209e0-14.png> <a0,fr14>
<gollum/727f4870d47c42dbfe564b92f35209e0-15.png, id=315, 301.125pt x 130.4875pt
>
File: gollum/727f4870d47c42dbfe564b92f35209e0-15.png Graphic file (type png)
<use gollum/727f4870d47c42dbfe564b92f35209e0-15.png>
Package pdftex.def Info: gollum/727f4870d47c42dbfe564b92f35209e0-15.png  used o
n input line 631.
(pdftex.def)             Requested size: 301.12425pt x 130.48717pt.
 <./gollum/727f4870d47c42dbfe564b92f35209e0-15.png> <a0,fr15>
<gollum/727f4870d47c42dbfe564b92f35209e0-16.png, id=324, 301.125pt x 130.4875pt
>
File: gollum/727f4870d47c42dbfe564b92f35209e0-16.png Graphic file (type png)
<use gollum/727f4870d47c42dbfe564b92f35209e0-16.png>
Package pdftex.def Info: gollum/727f4870d47c42dbfe564b92f35209e0-16.png  used o
n input line 631.
(pdftex.def)             Requested size: 301.12425pt x 130.48717pt.
 <./gollum/727f4870d47c42dbfe564b92f35209e0-16.png> <a0,fr16>
<gollum/727f4870d47c42dbfe564b92f35209e0-17.png, id=333, 301.125pt x 130.4875pt
>
File: gollum/727f4870d47c42dbfe564b92f35209e0-17.png Graphic file (type png)
<use gollum/727f4870d47c42dbfe564b92f35209e0-17.png>
Package pdftex.def Info: gollum/727f4870d47c42dbfe564b92f35209e0-17.png  used o
n input line 631.
(pdftex.def)             Requested size: 301.12425pt x 130.48717pt.
 <./gollum/727f4870d47c42dbfe564b92f35209e0-17.png>
<a0,fr17>
<gollum/727f4870d47c42dbfe564b92f35209e0-18.png, id=342, 301.125pt x 130.4875pt
>
File: gollum/727f4870d47c42dbfe564b92f35209e0-18.png Graphic file (type png)
<use gollum/727f4870d47c42dbfe564b92f35209e0-18.png>
Package pdftex.def Info: gollum/727f4870d47c42dbfe564b92f35209e0-18.png  used o
n input line 631.
(pdftex.def)             Requested size: 301.12425pt x 130.48717pt.
 <./gollum/727f4870d47c42dbfe564b92f35209e0-18.png> <a0,fr18>
<gollum/727f4870d47c42dbfe564b92f35209e0-19.png, id=351, 301.125pt x 130.4875pt
>
File: gollum/727f4870d47c42dbfe564b92f35209e0-19.png Graphic file (type png)
<use gollum/727f4870d47c42dbfe564b92f35209e0-19.png>
Package pdftex.def Info: gollum/727f4870d47c42dbfe564b92f35209e0-19.png  used o
n input line 631.
(pdftex.def)             Requested size: 301.12425pt x 130.48717pt.
 <./gollum/727f4870d47c42dbfe564b92f35209e0-19.png> <a0,fr19>
<gollum/727f4870d47c42dbfe564b92f35209e0-20.png, id=360, 301.125pt x 130.4875pt
>
File: gollum/727f4870d47c42dbfe564b92f35209e0-20.png Graphic file (type png)
<use gollum/727f4870d47c42dbfe564b92f35209e0-20.png>
Package pdftex.def Info: gollum/727f4870d47c42dbfe564b92f35209e0-20.png  used o
n input line 631.
(pdftex.def)             Requested size: 301.12425pt x 130.48717pt.
 <./gollum/727f4870d47c42dbfe564b92f35209e0-20.png> <a0,fr20>
<gollum/727f4870d47c42dbfe564b92f35209e0-21.png, id=369, 301.125pt x 130.4875pt
>
File: gollum/727f4870d47c42dbfe564b92f35209e0-21.png Graphic file (type png)
<use gollum/727f4870d47c42dbfe564b92f35209e0-21.png>
Package pdftex.def Info: gollum/727f4870d47c42dbfe564b92f35209e0-21.png  used o
n input line 631.
(pdftex.def)             Requested size: 301.12425pt x 130.48717pt.
 <./gollum/727f4870d47c42dbfe564b92f35209e0-21.png> <a0,fr21>
<gollum/727f4870d47c42dbfe564b92f35209e0-22.png, id=378, 301.125pt x 130.4875pt
>
File: gollum/727f4870d47c42dbfe564b92f35209e0-22.png Graphic file (type png)
<use gollum/727f4870d47c42dbfe564b92f35209e0-22.png>
Package pdftex.def Info: gollum/727f4870d47c42dbfe564b92f35209e0-22.png  used o
n input line 631.
(pdftex.def)             Requested size: 301.12425pt x 130.48717pt.
 <./gollum/727f4870d47c42dbfe564b92f35209e0-22.png> <a0,fr22>
<gollum/727f4870d47c42dbfe564b92f35209e0-23.png, id=387, 301.125pt x 130.4875pt
>
File: gollum/727f4870d47c42dbfe564b92f35209e0-23.png Graphic file (type png)
<use gollum/727f4870d47c42dbfe564b92f35209e0-23.png>
Package pdftex.def Info: gollum/727f4870d47c42dbfe564b92f35209e0-23.png  used o
n input line 631.
(pdftex.def)             Requested size: 301.12425pt x 130.48717pt.
 <./gollum/727f4870d47c42dbfe564b92f35209e0-23.png> <a0,fr23>
<gollum/727f4870d47c42dbfe564b92f35209e0-24.png, id=396, 301.125pt x 130.4875pt
>
File: gollum/727f4870d47c42dbfe564b92f35209e0-24.png Graphic file (type png)
<use gollum/727f4870d47c42dbfe564b92f35209e0-24.png>
Package pdftex.def Info: gollum/727f4870d47c42dbfe564b92f35209e0-24.png  used o
n input line 631.
(pdftex.def)             Requested size: 301.12425pt x 130.48717pt.
 <./gollum/727f4870d47c42dbfe564b92f35209e0-24.png> <a0,fr24>
<gollum/727f4870d47c42dbfe564b92f35209e0-25.png, id=405, 301.125pt x 130.4875pt
>
File: gollum/727f4870d47c42dbfe564b92f35209e0-25.png Graphic file (type png)
<use gollum/727f4870d47c42dbfe564b92f35209e0-25.png>
Package pdftex.def Info: gollum/727f4870d47c42dbfe564b92f35209e0-25.png  used o
n input line 631.
(pdftex.def)             Requested size: 301.12425pt x 130.48717pt.
 <./gollum/727f4870d47c42dbfe564b92f35209e0-25.png> <a0,fr25>
<gollum/727f4870d47c42dbfe564b92f35209e0-26.png, id=414, 301.125pt x 130.4875pt
>
File: gollum/727f4870d47c42dbfe564b92f35209e0-26.png Graphic file (type png)
<use gollum/727f4870d47c42dbfe564b92f35209e0-26.png>
Package pdftex.def Info: gollum/727f4870d47c42dbfe564b92f35209e0-26.png  used o
n input line 631.
(pdftex.def)             Requested size: 301.12425pt x 130.48717pt.
 <./gollum/727f4870d47c42dbfe564b92f35209e0-26.png>
<a0,fr26>
<gollum/727f4870d47c42dbfe564b92f35209e0-27.png, id=423, 301.125pt x 130.4875pt
>
File: gollum/727f4870d47c42dbfe564b92f35209e0-27.png Graphic file (type png)
<use gollum/727f4870d47c42dbfe564b92f35209e0-27.png>
Package pdftex.def Info: gollum/727f4870d47c42dbfe564b92f35209e0-27.png  used o
n input line 631.
(pdftex.def)             Requested size: 301.12425pt x 130.48717pt.
 <./gollum/727f4870d47c42dbfe564b92f35209e0-27.png> <a0,fr27>
<gollum/727f4870d47c42dbfe564b92f35209e0-28.png, id=432, 301.125pt x 130.4875pt
>
File: gollum/727f4870d47c42dbfe564b92f35209e0-28.png Graphic file (type png)
<use gollum/727f4870d47c42dbfe564b92f35209e0-28.png>
Package pdftex.def Info: gollum/727f4870d47c42dbfe564b92f35209e0-28.png  used o
n input line 631.
(pdftex.def)             Requested size: 301.12425pt x 130.48717pt.
 <./gollum/727f4870d47c42dbfe564b92f35209e0-28.png> <a0,fr28>
<gollum/727f4870d47c42dbfe564b92f35209e0-29.png, id=441, 301.125pt x 130.4875pt
>
File: gollum/727f4870d47c42dbfe564b92f35209e0-29.png Graphic file (type png)
<use gollum/727f4870d47c42dbfe564b92f35209e0-29.png>
Package pdftex.def Info: gollum/727f4870d47c42dbfe564b92f35209e0-29.png  used o
n input line 631.
(pdftex.def)             Requested size: 301.12425pt x 130.48717pt.
 <./gollum/727f4870d47c42dbfe564b92f35209e0-29.png> <a0,fr29>
<gollum/727f4870d47c42dbfe564b92f35209e0-30.png, id=450, 301.125pt x 130.4875pt
>
File: gollum/727f4870d47c42dbfe564b92f35209e0-30.png Graphic file (type png)
<use gollum/727f4870d47c42dbfe564b92f35209e0-30.png>
Package pdftex.def Info: gollum/727f4870d47c42dbfe564b92f35209e0-30.png  used o
n input line 631.
(pdftex.def)             Requested size: 301.12425pt x 130.48717pt.
 <./gollum/727f4870d47c42dbfe564b92f35209e0-30.png> <a0,fr30>
<gollum/727f4870d47c42dbfe564b92f35209e0-31.png, id=460, 301.125pt x 130.4875pt
>
File: gollum/727f4870d47c42dbfe564b92f35209e0-31.png Graphic file (type png)
<use gollum/727f4870d47c42dbfe564b92f35209e0-31.png>
Package pdftex.def Info: gollum/727f4870d47c42dbfe564b92f35209e0-31.png  used o
n input line 631.
(pdftex.def)             Requested size: 301.12425pt x 130.48717pt.
 <./gollum/727f4870d47c42dbfe564b92f35209e0-31.png> <a0,fr31>
<gollum/727f4870d47c42dbfe564b92f35209e0-32.png, id=469, 301.125pt x 130.4875pt
>
File: gollum/727f4870d47c42dbfe564b92f35209e0-32.png Graphic file (type png)
<use gollum/727f4870d47c42dbfe564b92f35209e0-32.png>
Package pdftex.def Info: gollum/727f4870d47c42dbfe564b92f35209e0-32.png  used o
n input line 631.
(pdftex.def)             Requested size: 301.12425pt x 130.48717pt.
 <./gollum/727f4870d47c42dbfe564b92f35209e0-32.png> <a0,fr32>
<gollum/727f4870d47c42dbfe564b92f35209e0-33.png, id=478, 301.125pt x 130.4875pt
>
File: gollum/727f4870d47c42dbfe564b92f35209e0-33.png Graphic file (type png)
<use gollum/727f4870d47c42dbfe564b92f35209e0-33.png>
Package pdftex.def Info: gollum/727f4870d47c42dbfe564b92f35209e0-33.png  used o
n input line 631.
(pdftex.def)             Requested size: 301.12425pt x 130.48717pt.
 <./gollum/727f4870d47c42dbfe564b92f35209e0-33.png> <a0,fr33>
<gollum/727f4870d47c42dbfe564b92f35209e0-34.png, id=487, 301.125pt x 130.4875pt
>
File: gollum/727f4870d47c42dbfe564b92f35209e0-34.png Graphic file (type png)
<use gollum/727f4870d47c42dbfe564b92f35209e0-34.png>
Package pdftex.def Info: gollum/727f4870d47c42dbfe564b92f35209e0-34.png  used o
n input line 631.
(pdftex.def)             Requested size: 301.12425pt x 130.48717pt.
 <./gollum/727f4870d47c42dbfe564b92f35209e0-34.png> <a0,fr34>
<gollum/727f4870d47c42dbfe564b92f35209e0-35.png, id=496, 301.125pt x 130.4875pt
>
File: gollum/727f4870d47c42dbfe564b92f35209e0-35.png Graphic file (type png)
<use gollum/727f4870d47c42dbfe564b92f35209e0-35.png>
Package pdftex.def Info: gollum/727f4870d47c42dbfe564b92f35209e0-35.png  used o
n input line 631.
(pdftex.def)             Requested size: 301.12425pt x 130.48717pt.
 <./gollum/727f4870d47c42dbfe564b92f35209e0-35.png>
<a0,fr35>
<gollum/727f4870d47c42dbfe564b92f35209e0-36.png, id=505, 301.125pt x 130.4875pt
>
File: gollum/727f4870d47c42dbfe564b92f35209e0-36.png Graphic file (type png)
<use gollum/727f4870d47c42dbfe564b92f35209e0-36.png>
Package pdftex.def Info: gollum/727f4870d47c42dbfe564b92f35209e0-36.png  used o
n input line 631.
(pdftex.def)             Requested size: 301.12425pt x 130.48717pt.
 <./gollum/727f4870d47c42dbfe564b92f35209e0-36.png> <a0,fr36>
<gollum/727f4870d47c42dbfe564b92f35209e0-37.png, id=514, 301.125pt x 130.4875pt
>
File: gollum/727f4870d47c42dbfe564b92f35209e0-37.png Graphic file (type png)
<use gollum/727f4870d47c42dbfe564b92f35209e0-37.png>
Package pdftex.def Info: gollum/727f4870d47c42dbfe564b92f35209e0-37.png  used o
n input line 631.
(pdftex.def)             Requested size: 301.12425pt x 130.48717pt.
 <./gollum/727f4870d47c42dbfe564b92f35209e0-37.png> <a0,fr37>
<gollum/727f4870d47c42dbfe564b92f35209e0-38.png, id=523, 301.125pt x 130.4875pt
>
File: gollum/727f4870d47c42dbfe564b92f35209e0-38.png Graphic file (type png)
<use gollum/727f4870d47c42dbfe564b92f35209e0-38.png>
Package pdftex.def Info: gollum/727f4870d47c42dbfe564b92f35209e0-38.png  used o
n input line 631.
(pdftex.def)             Requested size: 301.12425pt x 130.48717pt.
 <./gollum/727f4870d47c42dbfe564b92f35209e0-38.png> <a0,fr38>
<gollum/727f4870d47c42dbfe564b92f35209e0-39.png, id=532, 301.125pt x 130.4875pt
>
File: gollum/727f4870d47c42dbfe564b92f35209e0-39.png Graphic file (type png)
<use gollum/727f4870d47c42dbfe564b92f35209e0-39.png>
Package pdftex.def Info: gollum/727f4870d47c42dbfe564b92f35209e0-39.png  used o
n input line 631.
(pdftex.def)             Requested size: 301.12425pt x 130.48717pt.
 <./gollum/727f4870d47c42dbfe564b92f35209e0-39.png> <a0,fr39>
<gollum/727f4870d47c42dbfe564b92f35209e0-40.png, id=541, 301.125pt x 130.4875pt
>
File: gollum/727f4870d47c42dbfe564b92f35209e0-40.png Graphic file (type png)
<use gollum/727f4870d47c42dbfe564b92f35209e0-40.png>
Package pdftex.def Info: gollum/727f4870d47c42dbfe564b92f35209e0-40.png  used o
n input line 631.
(pdftex.def)             Requested size: 301.12425pt x 130.48717pt.
 <./gollum/727f4870d47c42dbfe564b92f35209e0-40.png> <a0,fr40>
<gollum/727f4870d47c42dbfe564b92f35209e0-41.png, id=550, 301.125pt x 130.4875pt
>
File: gollum/727f4870d47c42dbfe564b92f35209e0-41.png Graphic file (type png)
<use gollum/727f4870d47c42dbfe564b92f35209e0-41.png>
Package pdftex.def Info: gollum/727f4870d47c42dbfe564b92f35209e0-41.png  used o
n input line 631.
(pdftex.def)             Requested size: 301.12425pt x 130.48717pt.
 <./gollum/727f4870d47c42dbfe564b92f35209e0-41.png> <a0,fr41>
<gollum/727f4870d47c42dbfe564b92f35209e0-42.png, id=559, 301.125pt x 130.4875pt
>
File: gollum/727f4870d47c42dbfe564b92f35209e0-42.png Graphic file (type png)
<use gollum/727f4870d47c42dbfe564b92f35209e0-42.png>
Package pdftex.def Info: gollum/727f4870d47c42dbfe564b92f35209e0-42.png  used o
n input line 631.
(pdftex.def)             Requested size: 301.12425pt x 130.48717pt.
 <./gollum/727f4870d47c42dbfe564b92f35209e0-42.png> <a0,fr42>
<gollum/727f4870d47c42dbfe564b92f35209e0-43.png, id=568, 301.125pt x 130.4875pt
>
File: gollum/727f4870d47c42dbfe564b92f35209e0-43.png Graphic file (type png)
<use gollum/727f4870d47c42dbfe564b92f35209e0-43.png>
Package pdftex.def Info: gollum/727f4870d47c42dbfe564b92f35209e0-43.png  used o
n input line 631.
(pdftex.def)             Requested size: 301.12425pt x 130.48717pt.
 <./gollum/727f4870d47c42dbfe564b92f35209e0-43.png> <a0,fr43>
<gollum/727f4870d47c42dbfe564b92f35209e0-44.png, id=577, 301.125pt x 130.4875pt
>
File: gollum/727f4870d47c42dbfe564b92f35209e0-44.png Graphic file (type png)
<use gollum/727f4870d47c42dbfe564b92f35209e0-44.png>
Package pdftex.def Info: gollum/727f4870d47c42dbfe564b92f35209e0-44.png  used o
n input line 631.
(pdftex.def)             Requested size: 301.12425pt x 130.48717pt.
 <./gollum/727f4870d47c42dbfe564b92f35209e0-44.png>
<a0,fr44>
<gollum/727f4870d47c42dbfe564b92f35209e0-45.png, id=586, 301.125pt x 130.4875pt
>
File: gollum/727f4870d47c42dbfe564b92f35209e0-45.png Graphic file (type png)
<use gollum/727f4870d47c42dbfe564b92f35209e0-45.png>
Package pdftex.def Info: gollum/727f4870d47c42dbfe564b92f35209e0-45.png  used o
n input line 631.
(pdftex.def)             Requested size: 301.12425pt x 130.48717pt.
 <./gollum/727f4870d47c42dbfe564b92f35209e0-45.png> <a0,fr45>
<gollum/727f4870d47c42dbfe564b92f35209e0-46.png, id=595, 301.125pt x 130.4875pt
>
File: gollum/727f4870d47c42dbfe564b92f35209e0-46.png Graphic file (type png)
<use gollum/727f4870d47c42dbfe564b92f35209e0-46.png>
Package pdftex.def Info: gollum/727f4870d47c42dbfe564b92f35209e0-46.png  used o
n input line 631.
(pdftex.def)             Requested size: 301.12425pt x 130.48717pt.
 <./gollum/727f4870d47c42dbfe564b92f35209e0-46.png> <a0,fr46>
<gollum/727f4870d47c42dbfe564b92f35209e0-47.png, id=604, 301.125pt x 130.4875pt
>
File: gollum/727f4870d47c42dbfe564b92f35209e0-47.png Graphic file (type png)
<use gollum/727f4870d47c42dbfe564b92f35209e0-47.png>
Package pdftex.def Info: gollum/727f4870d47c42dbfe564b92f35209e0-47.png  used o
n input line 631.
(pdftex.def)             Requested size: 301.12425pt x 130.48717pt.
 <./gollum/727f4870d47c42dbfe564b92f35209e0-47.png> <a0,fr47>
<gollum/727f4870d47c42dbfe564b92f35209e0-48.png, id=613, 301.125pt x 130.4875pt
>
File: gollum/727f4870d47c42dbfe564b92f35209e0-48.png Graphic file (type png)
<use gollum/727f4870d47c42dbfe564b92f35209e0-48.png>
Package pdftex.def Info: gollum/727f4870d47c42dbfe564b92f35209e0-48.png  used o
n input line 631.
(pdftex.def)             Requested size: 301.12425pt x 130.48717pt.
 <./gollum/727f4870d47c42dbfe564b92f35209e0-48.png> <a0,fr48>
<gollum/727f4870d47c42dbfe564b92f35209e0-49.png, id=622, 301.125pt x 130.4875pt
>
File: gollum/727f4870d47c42dbfe564b92f35209e0-49.png Graphic file (type png)
<use gollum/727f4870d47c42dbfe564b92f35209e0-49.png>
Package pdftex.def Info: gollum/727f4870d47c42dbfe564b92f35209e0-49.png  used o
n input line 631.
(pdftex.def)             Requested size: 301.12425pt x 130.48717pt.
 <./gollum/727f4870d47c42dbfe564b92f35209e0-49.png> <a0,fr49>
<gollum/727f4870d47c42dbfe564b92f35209e0-50.png, id=631, 301.125pt x 130.4875pt
>
File: gollum/727f4870d47c42dbfe564b92f35209e0-50.png Graphic file (type png)
<use gollum/727f4870d47c42dbfe564b92f35209e0-50.png>
Package pdftex.def Info: gollum/727f4870d47c42dbfe564b92f35209e0-50.png  used o
n input line 631.
(pdftex.def)             Requested size: 301.12425pt x 130.48717pt.
 <./gollum/727f4870d47c42dbfe564b92f35209e0-50.png> <a0,fr50>
<gollum/727f4870d47c42dbfe564b92f35209e0-51.png, id=640, 301.125pt x 130.4875pt
>
File: gollum/727f4870d47c42dbfe564b92f35209e0-51.png Graphic file (type png)
<use gollum/727f4870d47c42dbfe564b92f35209e0-51.png>
Package pdftex.def Info: gollum/727f4870d47c42dbfe564b92f35209e0-51.png  used o
n input line 631.
(pdftex.def)             Requested size: 301.12425pt x 130.48717pt.
 <./gollum/727f4870d47c42dbfe564b92f35209e0-51.png> <a0,fr51>
<gollum/727f4870d47c42dbfe564b92f35209e0-52.png, id=649, 301.125pt x 130.4875pt
>
File: gollum/727f4870d47c42dbfe564b92f35209e0-52.png Graphic file (type png)
<use gollum/727f4870d47c42dbfe564b92f35209e0-52.png>
Package pdftex.def Info: gollum/727f4870d47c42dbfe564b92f35209e0-52.png  used o
n input line 631.
(pdftex.def)             Requested size: 301.12425pt x 130.48717pt.
 <./gollum/727f4870d47c42dbfe564b92f35209e0-52.png> <a0,fr52>
<gollum/727f4870d47c42dbfe564b92f35209e0-53.png, id=658, 301.125pt x 130.4875pt
>
File: gollum/727f4870d47c42dbfe564b92f35209e0-53.png Graphic file (type png)
<use gollum/727f4870d47c42dbfe564b92f35209e0-53.png>
Package pdftex.def Info: gollum/727f4870d47c42dbfe564b92f35209e0-53.png  used o
n input line 631.
(pdftex.def)             Requested size: 301.12425pt x 130.48717pt.
 <./gollum/727f4870d47c42dbfe564b92f35209e0-53.png>
<a0,fr53>
<gollum/727f4870d47c42dbfe564b92f35209e0-54.png, id=667, 301.125pt x 130.4875pt
>
File: gollum/727f4870d47c42dbfe564b92f35209e0-54.png Graphic file (type png)
<use gollum/727f4870d47c42dbfe564b92f35209e0-54.png>
Package pdftex.def Info: gollum/727f4870d47c42dbfe564b92f35209e0-54.png  used o
n input line 631.
(pdftex.def)             Requested size: 301.12425pt x 130.48717pt.
 <./gollum/727f4870d47c42dbfe564b92f35209e0-54.png> <a0,fr54>
<gollum/727f4870d47c42dbfe564b92f35209e0-55.png, id=676, 301.125pt x 130.4875pt
>
File: gollum/727f4870d47c42dbfe564b92f35209e0-55.png Graphic file (type png)
<use gollum/727f4870d47c42dbfe564b92f35209e0-55.png>
Package pdftex.def Info: gollum/727f4870d47c42dbfe564b92f35209e0-55.png  used o
n input line 631.
(pdftex.def)             Requested size: 301.12425pt x 130.48717pt.
 <./gollum/727f4870d47c42dbfe564b92f35209e0-55.png> <a0,fr55>
<gollum/727f4870d47c42dbfe564b92f35209e0-56.png, id=685, 301.125pt x 130.4875pt
>
File: gollum/727f4870d47c42dbfe564b92f35209e0-56.png Graphic file (type png)
<use gollum/727f4870d47c42dbfe564b92f35209e0-56.png>
Package pdftex.def Info: gollum/727f4870d47c42dbfe564b92f35209e0-56.png  used o
n input line 631.
(pdftex.def)             Requested size: 301.12425pt x 130.48717pt.
 <./gollum/727f4870d47c42dbfe564b92f35209e0-56.png> <a0,fr56> [18

] (./example.bbl) [19

 </usr/share/texlive/texmf-dist/tex/latex/beamer/beamericonarticle.pdf>] [20


]
\tf@nav=\write6
\openout6 = `example.nav'.

\tf@toc=\write7
\openout7 = `example.toc'.

\tf@snm=\write8
\openout8 = `example.snm'.

Package atveryend Info: Empty hook `BeforeClearDocument' on input line 640.
Package atveryend Info: Empty hook `AfterLastShipout' on input line 640.
 (./example.aux)
Package atveryend Info: Executing hook `AtVeryEndDocument' on input line 640.
Package atveryend Info: Executing hook `AtEndAfterFileList' on input line 640.
Package rerunfilecheck Info: File `example.out' has not changed.
(rerunfilecheck)             Checksum: D41D8CD98F00B204E9800998ECF8427E;0.


LaTeX Warning: There were undefined references.

 ) 
Here is how much of TeX's memory you used:
 27939 strings out of 492982
 545224 string characters out of 6134896
 606142 words of memory out of 5000000
 30853 multiletter control sequences out of 15000+600000
 563430 words of font info for 95 fonts, out of 8000000 for 9000
 1141 hyphenation exceptions out of 8191
 56i,14n,63p,10420b,823s stack positions out of 5000i,500n,10000p,200000b,80000s
{/usr/share/texlive/texmf-dist/fonts/enc/dvips/base/8r.enc}</usr/share/texliv
e/texmf-dist/fonts/type1/public/amsfonts/cm/cmbx6.pfb></usr/share/texlive/texmf
-dist/fonts/type1/public/amsfonts/cm/cmbx9.pfb></usr/share/texlive/texmf-dist/f
onts/type1/public/amsfonts/cm/cmmi10.pfb></usr/share/texlive/texmf-dist/fonts/t
ype1/public/amsfonts/cm/cmmi5.pfb></usr/share/texlive/texmf-dist/fonts/type1/pu
blic/amsfonts/cm/cmmi6.pfb></usr/share/texlive/texmf-dist/fonts/type1/public/am
sfonts/cm/cmmi9.pfb></usr/share/texlive/texmf-dist/fonts/type1/public/amsfonts/
cm/cmr10.pfb></usr/share/texlive/texmf-dist/fonts/type1/public/amsfonts/cm/cmr6
.pfb></usr/share/texlive/texmf-dist/fonts/type1/public/amsfonts/cm/cmr8.pfb></u
sr/share/texlive/texmf-dist/fonts/type1/public/amsfonts/cm/cmr9.pfb></usr/share
/texlive/texmf-dist/fonts/type1/public/amsfonts/cm/cmsy10.pfb></usr/share/texli
ve/texmf-dist/fonts/type1/public/amsfonts/cm/cmsy6.pfb></usr/share/texlive/texm
f-dist/fonts/type1/public/amsfonts/cm/cmsy8.pfb></usr/share/texlive/texmf-dist/
fonts/type1/public/amsfonts/cm/cmsy9.pfb></usr/share/texlive/texmf-dist/fonts/t
ype1/public/amsfonts/cm/cmtt8.pfb></usr/share/texlive/texmf-dist/fonts/type1/pu
blic/amsfonts/symbols/msam10.pfb></usr/share/texlive/texmf-dist/fonts/type1/pub
lic/amsfonts/symbols/msbm10.pfb></usr/share/texlive/texmf-dist/fonts/type1/urw/
helvetic/uhvb8a.pfb></usr/share/texlive/texmf-dist/fonts/type1/urw/helvetic/uhv
r8a.pfb>
Output written on example.pdf (20 pages, 3057555 bytes).
PDF statistics:
 804 PDF objects out of 1000 (max. 8388607)
 447 compressed objects within 5 object streams
 49 named destinations out of 1000 (max. 500000)
 1416 words of extra memory for PDF output out of 10000 (max. 10000000)

